[debug] [2024-12-31T10:37:17.581Z] ----------------------------------------------------------------------
[debug] [2024-12-31T10:37:17.583Z] Command:       C:\Program Files\nodejs\node.exe C:\Users\ASUS\AppData\Roaming\npm\node_modules\firebase-tools\lib\bin\firebase.js init
[debug] [2024-12-31T10:37:17.583Z] CLI Version:   13.29.1
[debug] [2024-12-31T10:37:17.584Z] Platform:      win32
[debug] [2024-12-31T10:37:17.584Z] Node Version:  v22.11.0
[debug] [2024-12-31T10:37:17.584Z] Time:          Tue Dec 31 2024 16:37:17 GMT+0600 (Bangladesh Standard Time)
[debug] [2024-12-31T10:37:17.584Z] ----------------------------------------------------------------------
[debug] 
[debug] [2024-12-31T10:37:17.590Z] > command requires scopes: ["email","openid","https://www.googleapis.com/auth/cloudplatformprojects.readonly","https://www.googleapis.com/auth/firebase","https://www.googleapis.com/auth/cloud-platform"]
[debug] [2024-12-31T10:37:17.590Z] > authorizing via signed-in user (imahbubturza@gmail.com)
[info] 
     ######## #### ########  ######## ########     ###     ######  ########
     ##        ##  ##     ## ##       ##     ##  ##   ##  ##       ##
     ######    ##  ########  ######   ########  #########  ######  ######
     ##        ##  ##    ##  ##       ##     ## ##     ##       ## ##
     ##       #### ##     ## ######## ########  ##     ##  ######  ########

You're about to initialize a Firebase project in this directory:

  D:\E_Commerce\frontend_ny

[info] 
=== Project Setup
[info] 
[info] First, let's associate this project directory with a Firebase project.
[info] You can create multiple project aliases by running firebase use --add, 
[info] but for now we'll just set up a default project.
[info] 
[debug] [2024-12-31T10:37:43.869Z] Checked if tokens are valid: true, expires at: 1735645005146
[debug] [2024-12-31T10:37:43.869Z] Checked if tokens are valid: true, expires at: 1735645005146
[debug] [2024-12-31T10:37:43.870Z] >>> [apiv2][query] GET https://firebase.googleapis.com/v1beta1/projects pageSize=100
[debug] [2024-12-31T10:37:44.870Z] <<< [apiv2][status] GET https://firebase.googleapis.com/v1beta1/projects 200
[debug] [2024-12-31T10:37:44.870Z] <<< [apiv2][body] GET https://firebase.googleapis.com/v1beta1/projects [omitted]
[info] i  Using project ny-project-2fa13 (ny-project) 
[info] 
=== Hosting Setup
[debug] [2024-12-31T10:37:56.874Z] Checked if tokens are valid: true, expires at: 1735645005146
[debug] [2024-12-31T10:37:56.874Z] Checked if tokens are valid: true, expires at: 1735645005146
[debug] [2024-12-31T10:37:56.874Z] >>> [apiv2][query] GET https://firebase.googleapis.com/v1beta1/projects/ny-project-2fa13 [none]
[debug] [2024-12-31T10:37:57.393Z] <<< [apiv2][status] GET https://firebase.googleapis.com/v1beta1/projects/ny-project-2fa13 200
[debug] [2024-12-31T10:37:57.393Z] <<< [apiv2][body] GET https://firebase.googleapis.com/v1beta1/projects/ny-project-2fa13 {"projectId":"ny-project-2fa13","projectNumber":"307274675136","displayName":"ny-project","name":"projects/ny-project-2fa13","resources":{"hostingSite":"ny-project-2fa13"},"state":"ACTIVE","etag":"1_c65e8d00-b2c1-4cae-a78b-e064858f153f"}
[info] 
[info] Your public directory is the folder (relative to your project directory) that
[info] will contain Hosting assets to be uploaded with firebase deploy. If you
[info] have a build process for your assets, use your build's output directory.
[info] 
